This is pdfTeX, Version 3.1415926-1.40.10 (TeX Live 2009/Debian) (format=pdflatex 2014.2.23)  21 MAR 2014 00:09
entering extended mode
 %&-line parsing enabled.
**cs775_abstract.tex
(./cs775_abstract.tex
LaTeX2e <2009/09/24>
Babel <v3.8l> and hyphenation patterns for english, usenglishmax, dumylang, noh
yphenation, loaded.
(/usr/share/texmf-texlive/tex/latex/base/article.cls
Document Class: article 2007/10/19 v1.4h Standard LaTeX document class
(/usr/share/texmf-texlive/tex/latex/base/size11.clo
File: size11.clo 2007/10/19 v1.4h Standard LaTeX file (size option)
)
\c@part=\count79
\c@section=\count80
\c@subsection=\count81
\c@subsubsection=\count82
\c@paragraph=\count83
\c@subparagraph=\count84
\c@figure=\count85
\c@table=\count86
\abovecaptionskip=\skip41
\belowcaptionskip=\skip42
\bibindent=\dimen102
)
(/usr/share/texmf-texlive/tex/latex/graphics/graphicx.sty
Package: graphicx 1999/02/16 v1.0f Enhanced LaTeX Graphics (DPC,SPQR)

(/usr/share/texmf-texlive/tex/latex/graphics/keyval.sty
Package: keyval 1999/03/16 v1.13 key=value parser (DPC)
\KV@toks@=\toks14
)
(/usr/share/texmf-texlive/tex/latex/graphics/graphics.sty
Package: graphics 2009/02/05 v1.0o Standard LaTeX Graphics (DPC,SPQR)

(/usr/share/texmf-texlive/tex/latex/graphics/trig.sty
Package: trig 1999/03/16 v1.09 sin cos tan (DPC)
)
(/etc/texmf/tex/latex/config/graphics.cfg
File: graphics.cfg 2009/08/28 v1.8 graphics configuration of TeX Live
)
Package graphics Info: Driver file: dvips.def on input line 91.

(/usr/share/texmf-texlive/tex/latex/graphics/dvips.def
File: dvips.def 1999/02/16 v3.0i Driver-dependant file (DPC,SPQR)
))
\Gin@req@height=\dimen103
\Gin@req@width=\dimen104
)
(/usr/share/texmf-texlive/tex/latex/ltxmisc/url.sty
\Urlmuskip=\muskip10
Package: url 2006/04/12  ver 3.3  Verb mode for urls, etc.
) (./cs775_abstract.aux)
\openout1 = `cs775_abstract.aux'.

LaTeX Font Info:    Checking defaults for OML/cmm/m/it on input line 10.
LaTeX Font Info:    ... okay on input line 10.
LaTeX Font Info:    Checking defaults for T1/cmr/m/n on input line 10.
LaTeX Font Info:    ... okay on input line 10.
LaTeX Font Info:    Checking defaults for OT1/cmr/m/n on input line 10.
LaTeX Font Info:    ... okay on input line 10.
LaTeX Font Info:    Checking defaults for OMS/cmsy/m/n on input line 10.
LaTeX Font Info:    ... okay on input line 10.
LaTeX Font Info:    Checking defaults for OMX/cmex/m/n on input line 10.
LaTeX Font Info:    ... okay on input line 10.
LaTeX Font Info:    Checking defaults for U/cmr/m/n on input line 10.
LaTeX Font Info:    ... okay on input line 10.
LaTeX Font Info:    External font `cmex10' loaded for size
(Font)              <12> on input line 11.
LaTeX Font Info:    External font `cmex10' loaded for size
(Font)              <8> on input line 11.
LaTeX Font Info:    External font `cmex10' loaded for size
(Font)              <6> on input line 11.

Underfull \hbox (badness 2165) in paragraph at lines 39--40
[]\OT1/cmr/m/n/10.95 By chang-ing the afore-men-tioned con-
 []

(./cs775_abstract.bbl
LaTeX Font Info:    External font `cmex10' loaded for size
(Font)              <10.95> on input line 6.

Underfull \hbox (badness 10000) in paragraph at lines 4--8
[]\OT1/cmr/m/n/10.95 S. Coros, A. Karpa-thy, B. Jones,
 []


Underfull \hbox (badness 10000) in paragraph at lines 4--8
\OT1/cmr/m/n/10.95 Video.  $\OT1/cmtt/m/n/10.95 https : / / www . youtube . com
 /
 []

[1{/var/lib/texmf/fonts/map/pdftex/updmap/pdftex.map}


]
Underfull \hbox (badness 10000) in paragraph at lines 10--13
[]\OT1/cmr/m/n/10.95 S. Coros, A. Karpa-thy, B. Jones,
 []


Underfull \hbox (badness 5475) in paragraph at lines 10--13
\OT1/cmr/m/it/10.95 Trans-ac-tions on Graph-ics\OT1/cmr/m/n/10.95 , 30(4):59:1-
-
 []


Underfull \hbox (badness 5302) in paragraph at lines 15--19
[]\OT1/cmr/m/n/10.95 B. Dy-nam-ics.  In-tro-duc-ing Wild-cat.
 []


Underfull \hbox (badness 10000) in paragraph at lines 15--19
\OT1/cmtt/m/n/10.95 https : / / www . youtube . com / watch ? v =
 []


Underfull \hbox (badness 1360) in paragraph at lines 15--19
\OT1/cmtt/m/n/10.95 wE3fmFTtP9g # t = 46$\OT1/cmr/m/n/10.95 .  [On-line; up-loa
ded
 []

) [2

] (./cs775_abstract.aux) ) 
Here is how much of TeX's memory you used:
 625 strings out of 495061
 7458 string characters out of 1182621
 58273 words of memory out of 3000000
 3849 multiletter control sequences out of 15000+50000
 8710 words of font info for 31 fonts, out of 3000000 for 9000
 28 hyphenation exceptions out of 8191
 25i,7n,21p,536b,285s stack positions out of 5000i,500n,10000p,200000b,50000s
</usr/share/texmf-texlive/fonts/type1/public/amsfonts
/cm/cmbx12.pfb></usr/share/texmf-texlive/fonts/type1/public/amsfonts/cm/cmr10.p
fb></usr/share/texmf-texlive/fonts/type1/public/amsfonts/cm/cmr12.pfb></usr/sha
re/texmf-texlive/fonts/type1/public/amsfonts/cm/cmr17.pfb></usr/share/texmf-tex
live/fonts/type1/public/amsfonts/cm/cmti10.pfb></usr/share/texmf-texlive/fonts/
type1/public/amsfonts/cm/cmtt10.pfb>
Output written on cs775_abstract.pdf (2 pages, 93471 bytes).
PDF statistics:
 33 PDF objects out of 1000 (max. 8388607)
 0 named destinations out of 1000 (max. 500000)
 1 words of extra memory for PDF output out of 10000 (max. 10000000)

